C:\USERS\LUCASLAPTOP\DOCUMENTS\VISUAL STUDIO 2012\PROJECTS\FINGERGEOMETRYOOP\FINGERGEOMETRYOOP\DEBUG\FINGERGEOMETRYOOP.PCH
C:\USERS\LUCASLAPTOP\DOCUMENTS\VISUAL STUDIO 2012\PROJECTS\FINGERGEOMETRYOOP\FINGERGEOMETRYOOP\DEBUG\STDAFX.OBJ
C:\USERS\LUCASLAPTOP\DOCUMENTS\VISUAL STUDIO 2012\PROJECTS\FINGERGEOMETRYOOP\FINGERGEOMETRYOOP\DEBUG\VC110.PDB
C:\USERS\LUCASLAPTOP\DOCUMENTS\VISUAL STUDIO 2012\PROJECTS\FINGERGEOMETRYOOP\FINGERGEOMETRYOOP\DEBUG\FINGERDETECTOR.OBJ
C:\USERS\LUCASLAPTOP\DOCUMENTS\VISUAL STUDIO 2012\PROJECTS\FINGERGEOMETRYOOP\FINGERGEOMETRYOOP\DEBUG\FINGERGEOMETRYOOP.OBJ
C:\USERS\LUCASLAPTOP\DOCUMENTS\VISUAL STUDIO 2012\PROJECTS\FINGERGEOMETRYOOP\FINGERGEOMETRYOOP\DEBUG\BLOBDETECTOR.OBJ
C:\USERS\LUCASLAPTOP\DOCUMENTS\VISUAL STUDIO 2012\PROJECTS\FINGERGEOMETRYOOP\FINGERGEOMETRYOOP\DEBUG\FILTERMANAGER.OBJ
C:\USERS\LUCASLAPTOP\DOCUMENTS\VISUAL STUDIO 2012\PROJECTS\FINGERGEOMETRYOOP\FINGERGEOMETRYOOP\DEBUG\FINGER.OBJ
C:\USERS\LUCASLAPTOP\DOCUMENTS\VISUAL STUDIO 2012\PROJECTS\FINGERGEOMETRYOOP\DEBUG\FINGERGEOMETRYOOP.ILK
C:\USERS\LUCASLAPTOP\DOCUMENTS\VISUAL STUDIO 2012\PROJECTS\FINGERGEOMETRYOOP\DEBUG\FINGERGEOMETRYOOP.EXE
C:\USERS\LUCASLAPTOP\DOCUMENTS\VISUAL STUDIO 2012\PROJECTS\FINGERGEOMETRYOOP\DEBUG\FINGERGEOMETRYOOP.PDB
C:\Users\LucasLaptop\documents\visual studio 2012\Projects\FingerGeometryOOP\FingerGeometryOOP\Debug\BlobDetector.obj
C:\Users\LucasLaptop\documents\visual studio 2012\Projects\FingerGeometryOOP\FingerGeometryOOP\Debug\FilterManager.obj
C:\Users\LucasLaptop\documents\visual studio 2012\Projects\FingerGeometryOOP\FingerGeometryOOP\Debug\Finger.obj
C:\Users\LucasLaptop\documents\visual studio 2012\Projects\FingerGeometryOOP\FingerGeometryOOP\Debug\FingerDetector.obj
C:\Users\LucasLaptop\documents\visual studio 2012\Projects\FingerGeometryOOP\FingerGeometryOOP\Debug\FingerGeometryOOP.obj
C:\Users\LucasLaptop\documents\visual studio 2012\Projects\FingerGeometryOOP\FingerGeometryOOP\Debug\stdafx.obj
C:\Users\LucasLaptop\documents\visual studio 2012\Projects\FingerGeometryOOP\FingerGeometryOOP\Debug\cl.command.1.tlog
C:\Users\LucasLaptop\documents\visual studio 2012\Projects\FingerGeometryOOP\FingerGeometryOOP\Debug\CL.read.1.tlog
C:\Users\LucasLaptop\documents\visual studio 2012\Projects\FingerGeometryOOP\FingerGeometryOOP\Debug\CL.write.1.tlog
C:\Users\LucasLaptop\documents\visual studio 2012\Projects\FingerGeometryOOP\FingerGeometryOOP\Debug\link-cvtres.read.1.tlog
C:\Users\LucasLaptop\documents\visual studio 2012\Projects\FingerGeometryOOP\FingerGeometryOOP\Debug\link-cvtres.write.1.tlog
C:\Users\LucasLaptop\documents\visual studio 2012\Projects\FingerGeometryOOP\FingerGeometryOOP\Debug\link-rc.read.1.tlog
C:\Users\LucasLaptop\documents\visual studio 2012\Projects\FingerGeometryOOP\FingerGeometryOOP\Debug\link-rc.write.1.tlog
C:\Users\LucasLaptop\documents\visual studio 2012\Projects\FingerGeometryOOP\FingerGeometryOOP\Debug\link.2412-cvtres.read.1.tlog
C:\Users\LucasLaptop\documents\visual studio 2012\Projects\FingerGeometryOOP\FingerGeometryOOP\Debug\link.2412-cvtres.write.1.tlog
C:\Users\LucasLaptop\documents\visual studio 2012\Projects\FingerGeometryOOP\FingerGeometryOOP\Debug\link.2412-rc.read.1.tlog
C:\Users\LucasLaptop\documents\visual studio 2012\Projects\FingerGeometryOOP\FingerGeometryOOP\Debug\link.2412-rc.write.1.tlog
C:\Users\LucasLaptop\documents\visual studio 2012\Projects\FingerGeometryOOP\FingerGeometryOOP\Debug\link.2412.read.1.tlog
C:\Users\LucasLaptop\documents\visual studio 2012\Projects\FingerGeometryOOP\FingerGeometryOOP\Debug\link.2412.write.1.tlog
C:\Users\LucasLaptop\documents\visual studio 2012\Projects\FingerGeometryOOP\FingerGeometryOOP\Debug\link.2616-cvtres.read.1.tlog
C:\Users\LucasLaptop\documents\visual studio 2012\Projects\FingerGeometryOOP\FingerGeometryOOP\Debug\link.2616-cvtres.write.1.tlog
C:\Users\LucasLaptop\documents\visual studio 2012\Projects\FingerGeometryOOP\FingerGeometryOOP\Debug\link.2616-rc.read.1.tlog
C:\Users\LucasLaptop\documents\visual studio 2012\Projects\FingerGeometryOOP\FingerGeometryOOP\Debug\link.2616-rc.write.1.tlog
C:\Users\LucasLaptop\documents\visual studio 2012\Projects\FingerGeometryOOP\FingerGeometryOOP\Debug\link.2616.read.1.tlog
C:\Users\LucasLaptop\documents\visual studio 2012\Projects\FingerGeometryOOP\FingerGeometryOOP\Debug\link.2616.write.1.tlog
C:\Users\LucasLaptop\documents\visual studio 2012\Projects\FingerGeometryOOP\FingerGeometryOOP\Debug\link.2764-cvtres.read.1.tlog
C:\Users\LucasLaptop\documents\visual studio 2012\Projects\FingerGeometryOOP\FingerGeometryOOP\Debug\link.2764-cvtres.write.1.tlog
C:\Users\LucasLaptop\documents\visual studio 2012\Projects\FingerGeometryOOP\FingerGeometryOOP\Debug\link.2764-rc.read.1.tlog
C:\Users\LucasLaptop\documents\visual studio 2012\Projects\FingerGeometryOOP\FingerGeometryOOP\Debug\link.2764-rc.write.1.tlog
C:\Users\LucasLaptop\documents\visual studio 2012\Projects\FingerGeometryOOP\FingerGeometryOOP\Debug\link.2764.read.1.tlog
C:\Users\LucasLaptop\documents\visual studio 2012\Projects\FingerGeometryOOP\FingerGeometryOOP\Debug\link.2764.write.1.tlog
C:\Users\LucasLaptop\documents\visual studio 2012\Projects\FingerGeometryOOP\FingerGeometryOOP\Debug\link.3184-cvtres.read.1.tlog
C:\Users\LucasLaptop\documents\visual studio 2012\Projects\FingerGeometryOOP\FingerGeometryOOP\Debug\link.3184-cvtres.write.1.tlog
C:\Users\LucasLaptop\documents\visual studio 2012\Projects\FingerGeometryOOP\FingerGeometryOOP\Debug\link.3184-rc.read.1.tlog
C:\Users\LucasLaptop\documents\visual studio 2012\Projects\FingerGeometryOOP\FingerGeometryOOP\Debug\link.3184-rc.write.1.tlog
C:\Users\LucasLaptop\documents\visual studio 2012\Projects\FingerGeometryOOP\FingerGeometryOOP\Debug\link.3184.read.1.tlog
C:\Users\LucasLaptop\documents\visual studio 2012\Projects\FingerGeometryOOP\FingerGeometryOOP\Debug\link.3184.write.1.tlog
C:\Users\LucasLaptop\documents\visual studio 2012\Projects\FingerGeometryOOP\FingerGeometryOOP\Debug\link.3480-cvtres.read.1.tlog
C:\Users\LucasLaptop\documents\visual studio 2012\Projects\FingerGeometryOOP\FingerGeometryOOP\Debug\link.3480-cvtres.write.1.tlog
C:\Users\LucasLaptop\documents\visual studio 2012\Projects\FingerGeometryOOP\FingerGeometryOOP\Debug\link.3480-rc.read.1.tlog
C:\Users\LucasLaptop\documents\visual studio 2012\Projects\FingerGeometryOOP\FingerGeometryOOP\Debug\link.3480-rc.write.1.tlog
C:\Users\LucasLaptop\documents\visual studio 2012\Projects\FingerGeometryOOP\FingerGeometryOOP\Debug\link.3480.read.1.tlog
C:\Users\LucasLaptop\documents\visual studio 2012\Projects\FingerGeometryOOP\FingerGeometryOOP\Debug\link.3480.write.1.tlog
C:\Users\LucasLaptop\documents\visual studio 2012\Projects\FingerGeometryOOP\FingerGeometryOOP\Debug\link.3968-cvtres.read.1.tlog
C:\Users\LucasLaptop\documents\visual studio 2012\Projects\FingerGeometryOOP\FingerGeometryOOP\Debug\link.3968-cvtres.write.1.tlog
C:\Users\LucasLaptop\documents\visual studio 2012\Projects\FingerGeometryOOP\FingerGeometryOOP\Debug\link.3968-rc.read.1.tlog
C:\Users\LucasLaptop\documents\visual studio 2012\Projects\FingerGeometryOOP\FingerGeometryOOP\Debug\link.3968-rc.write.1.tlog
C:\Users\LucasLaptop\documents\visual studio 2012\Projects\FingerGeometryOOP\FingerGeometryOOP\Debug\link.3968.read.1.tlog
C:\Users\LucasLaptop\documents\visual studio 2012\Projects\FingerGeometryOOP\FingerGeometryOOP\Debug\link.3968.write.1.tlog
C:\Users\LucasLaptop\documents\visual studio 2012\Projects\FingerGeometryOOP\FingerGeometryOOP\Debug\link.4312-cvtres.read.1.tlog
C:\Users\LucasLaptop\documents\visual studio 2012\Projects\FingerGeometryOOP\FingerGeometryOOP\Debug\link.4312-cvtres.write.1.tlog
C:\Users\LucasLaptop\documents\visual studio 2012\Projects\FingerGeometryOOP\FingerGeometryOOP\Debug\link.4312-rc.read.1.tlog
C:\Users\LucasLaptop\documents\visual studio 2012\Projects\FingerGeometryOOP\FingerGeometryOOP\Debug\link.4312-rc.write.1.tlog
C:\Users\LucasLaptop\documents\visual studio 2012\Projects\FingerGeometryOOP\FingerGeometryOOP\Debug\link.4312.read.1.tlog
C:\Users\LucasLaptop\documents\visual studio 2012\Projects\FingerGeometryOOP\FingerGeometryOOP\Debug\link.4312.write.1.tlog
C:\Users\LucasLaptop\documents\visual studio 2012\Projects\FingerGeometryOOP\FingerGeometryOOP\Debug\link.5236-cvtres.read.1.tlog
C:\Users\LucasLaptop\documents\visual studio 2012\Projects\FingerGeometryOOP\FingerGeometryOOP\Debug\link.5236-cvtres.write.1.tlog
C:\Users\LucasLaptop\documents\visual studio 2012\Projects\FingerGeometryOOP\FingerGeometryOOP\Debug\link.5236-rc.read.1.tlog
C:\Users\LucasLaptop\documents\visual studio 2012\Projects\FingerGeometryOOP\FingerGeometryOOP\Debug\link.5236-rc.write.1.tlog
C:\Users\LucasLaptop\documents\visual studio 2012\Projects\FingerGeometryOOP\FingerGeometryOOP\Debug\link.5236.read.1.tlog
C:\Users\LucasLaptop\documents\visual studio 2012\Projects\FingerGeometryOOP\FingerGeometryOOP\Debug\link.5236.write.1.tlog
C:\Users\LucasLaptop\documents\visual studio 2012\Projects\FingerGeometryOOP\FingerGeometryOOP\Debug\link.528-cvtres.read.1.tlog
C:\Users\LucasLaptop\documents\visual studio 2012\Projects\FingerGeometryOOP\FingerGeometryOOP\Debug\link.528-cvtres.write.1.tlog
C:\Users\LucasLaptop\documents\visual studio 2012\Projects\FingerGeometryOOP\FingerGeometryOOP\Debug\link.528-rc.read.1.tlog
C:\Users\LucasLaptop\documents\visual studio 2012\Projects\FingerGeometryOOP\FingerGeometryOOP\Debug\link.528-rc.write.1.tlog
C:\Users\LucasLaptop\documents\visual studio 2012\Projects\FingerGeometryOOP\FingerGeometryOOP\Debug\link.528.read.1.tlog
C:\Users\LucasLaptop\documents\visual studio 2012\Projects\FingerGeometryOOP\FingerGeometryOOP\Debug\link.528.write.1.tlog
C:\Users\LucasLaptop\documents\visual studio 2012\Projects\FingerGeometryOOP\FingerGeometryOOP\Debug\link.5940-cvtres.read.1.tlog
C:\Users\LucasLaptop\documents\visual studio 2012\Projects\FingerGeometryOOP\FingerGeometryOOP\Debug\link.5940-cvtres.write.1.tlog
C:\Users\LucasLaptop\documents\visual studio 2012\Projects\FingerGeometryOOP\FingerGeometryOOP\Debug\link.5940-rc.read.1.tlog
C:\Users\LucasLaptop\documents\visual studio 2012\Projects\FingerGeometryOOP\FingerGeometryOOP\Debug\link.5940-rc.write.1.tlog
C:\Users\LucasLaptop\documents\visual studio 2012\Projects\FingerGeometryOOP\FingerGeometryOOP\Debug\link.5940.read.1.tlog
C:\Users\LucasLaptop\documents\visual studio 2012\Projects\FingerGeometryOOP\FingerGeometryOOP\Debug\link.5940.write.1.tlog
C:\Users\LucasLaptop\documents\visual studio 2012\Projects\FingerGeometryOOP\FingerGeometryOOP\Debug\link.6072-cvtres.read.1.tlog
C:\Users\LucasLaptop\documents\visual studio 2012\Projects\FingerGeometryOOP\FingerGeometryOOP\Debug\link.6072-cvtres.write.1.tlog
C:\Users\LucasLaptop\documents\visual studio 2012\Projects\FingerGeometryOOP\FingerGeometryOOP\Debug\link.6072-rc.read.1.tlog
C:\Users\LucasLaptop\documents\visual studio 2012\Projects\FingerGeometryOOP\FingerGeometryOOP\Debug\link.6072-rc.write.1.tlog
C:\Users\LucasLaptop\documents\visual studio 2012\Projects\FingerGeometryOOP\FingerGeometryOOP\Debug\link.6072.read.1.tlog
C:\Users\LucasLaptop\documents\visual studio 2012\Projects\FingerGeometryOOP\FingerGeometryOOP\Debug\link.6072.write.1.tlog
C:\Users\LucasLaptop\documents\visual studio 2012\Projects\FingerGeometryOOP\FingerGeometryOOP\Debug\link.6248-cvtres.read.1.tlog
C:\Users\LucasLaptop\documents\visual studio 2012\Projects\FingerGeometryOOP\FingerGeometryOOP\Debug\link.6248-cvtres.write.1.tlog
C:\Users\LucasLaptop\documents\visual studio 2012\Projects\FingerGeometryOOP\FingerGeometryOOP\Debug\link.6248-rc.read.1.tlog
C:\Users\LucasLaptop\documents\visual studio 2012\Projects\FingerGeometryOOP\FingerGeometryOOP\Debug\link.6248-rc.write.1.tlog
C:\Users\LucasLaptop\documents\visual studio 2012\Projects\FingerGeometryOOP\FingerGeometryOOP\Debug\link.6248.read.1.tlog
C:\Users\LucasLaptop\documents\visual studio 2012\Projects\FingerGeometryOOP\FingerGeometryOOP\Debug\link.6248.write.1.tlog
C:\Users\LucasLaptop\documents\visual studio 2012\Projects\FingerGeometryOOP\FingerGeometryOOP\Debug\link.6268-cvtres.read.1.tlog
C:\Users\LucasLaptop\documents\visual studio 2012\Projects\FingerGeometryOOP\FingerGeometryOOP\Debug\link.6268-cvtres.write.1.tlog
C:\Users\LucasLaptop\documents\visual studio 2012\Projects\FingerGeometryOOP\FingerGeometryOOP\Debug\link.6268-rc.read.1.tlog
C:\Users\LucasLaptop\documents\visual studio 2012\Projects\FingerGeometryOOP\FingerGeometryOOP\Debug\link.6268-rc.write.1.tlog
C:\Users\LucasLaptop\documents\visual studio 2012\Projects\FingerGeometryOOP\FingerGeometryOOP\Debug\link.6268.read.1.tlog
C:\Users\LucasLaptop\documents\visual studio 2012\Projects\FingerGeometryOOP\FingerGeometryOOP\Debug\link.6268.write.1.tlog
C:\Users\LucasLaptop\documents\visual studio 2012\Projects\FingerGeometryOOP\FingerGeometryOOP\Debug\link.6400-cvtres.read.1.tlog
C:\Users\LucasLaptop\documents\visual studio 2012\Projects\FingerGeometryOOP\FingerGeometryOOP\Debug\link.6400-cvtres.write.1.tlog
C:\Users\LucasLaptop\documents\visual studio 2012\Projects\FingerGeometryOOP\FingerGeometryOOP\Debug\link.6400-rc.read.1.tlog
C:\Users\LucasLaptop\documents\visual studio 2012\Projects\FingerGeometryOOP\FingerGeometryOOP\Debug\link.6400-rc.write.1.tlog
C:\Users\LucasLaptop\documents\visual studio 2012\Projects\FingerGeometryOOP\FingerGeometryOOP\Debug\link.6400.read.1.tlog
C:\Users\LucasLaptop\documents\visual studio 2012\Projects\FingerGeometryOOP\FingerGeometryOOP\Debug\link.6400.write.1.tlog
C:\Users\LucasLaptop\documents\visual studio 2012\Projects\FingerGeometryOOP\FingerGeometryOOP\Debug\link.6716-cvtres.read.1.tlog
C:\Users\LucasLaptop\documents\visual studio 2012\Projects\FingerGeometryOOP\FingerGeometryOOP\Debug\link.6716-cvtres.write.1.tlog
C:\Users\LucasLaptop\documents\visual studio 2012\Projects\FingerGeometryOOP\FingerGeometryOOP\Debug\link.6716-rc.read.1.tlog
C:\Users\LucasLaptop\documents\visual studio 2012\Projects\FingerGeometryOOP\FingerGeometryOOP\Debug\link.6716-rc.write.1.tlog
C:\Users\LucasLaptop\documents\visual studio 2012\Projects\FingerGeometryOOP\FingerGeometryOOP\Debug\link.6716.read.1.tlog
C:\Users\LucasLaptop\documents\visual studio 2012\Projects\FingerGeometryOOP\FingerGeometryOOP\Debug\link.6716.write.1.tlog
C:\Users\LucasLaptop\documents\visual studio 2012\Projects\FingerGeometryOOP\FingerGeometryOOP\Debug\link.6912-cvtres.read.1.tlog
C:\Users\LucasLaptop\documents\visual studio 2012\Projects\FingerGeometryOOP\FingerGeometryOOP\Debug\link.6912-cvtres.write.1.tlog
C:\Users\LucasLaptop\documents\visual studio 2012\Projects\FingerGeometryOOP\FingerGeometryOOP\Debug\link.6912-rc.read.1.tlog
C:\Users\LucasLaptop\documents\visual studio 2012\Projects\FingerGeometryOOP\FingerGeometryOOP\Debug\link.6912-rc.write.1.tlog
C:\Users\LucasLaptop\documents\visual studio 2012\Projects\FingerGeometryOOP\FingerGeometryOOP\Debug\link.6912.read.1.tlog
C:\Users\LucasLaptop\documents\visual studio 2012\Projects\FingerGeometryOOP\FingerGeometryOOP\Debug\link.6912.write.1.tlog
C:\Users\LucasLaptop\documents\visual studio 2012\Projects\FingerGeometryOOP\FingerGeometryOOP\Debug\link.7008-cvtres.read.1.tlog
C:\Users\LucasLaptop\documents\visual studio 2012\Projects\FingerGeometryOOP\FingerGeometryOOP\Debug\link.7008-cvtres.write.1.tlog
C:\Users\LucasLaptop\documents\visual studio 2012\Projects\FingerGeometryOOP\FingerGeometryOOP\Debug\link.7008-rc.read.1.tlog
C:\Users\LucasLaptop\documents\visual studio 2012\Projects\FingerGeometryOOP\FingerGeometryOOP\Debug\link.7008-rc.write.1.tlog
C:\Users\LucasLaptop\documents\visual studio 2012\Projects\FingerGeometryOOP\FingerGeometryOOP\Debug\link.7008.read.1.tlog
C:\Users\LucasLaptop\documents\visual studio 2012\Projects\FingerGeometryOOP\FingerGeometryOOP\Debug\link.7008.write.1.tlog
C:\Users\LucasLaptop\documents\visual studio 2012\Projects\FingerGeometryOOP\FingerGeometryOOP\Debug\link.7080-cvtres.read.1.tlog
C:\Users\LucasLaptop\documents\visual studio 2012\Projects\FingerGeometryOOP\FingerGeometryOOP\Debug\link.7080-cvtres.write.1.tlog
C:\Users\LucasLaptop\documents\visual studio 2012\Projects\FingerGeometryOOP\FingerGeometryOOP\Debug\link.7080-rc.read.1.tlog
C:\Users\LucasLaptop\documents\visual studio 2012\Projects\FingerGeometryOOP\FingerGeometryOOP\Debug\link.7080-rc.write.1.tlog
C:\Users\LucasLaptop\documents\visual studio 2012\Projects\FingerGeometryOOP\FingerGeometryOOP\Debug\link.7080.read.1.tlog
C:\Users\LucasLaptop\documents\visual studio 2012\Projects\FingerGeometryOOP\FingerGeometryOOP\Debug\link.7080.write.1.tlog
C:\Users\LucasLaptop\documents\visual studio 2012\Projects\FingerGeometryOOP\FingerGeometryOOP\Debug\link.7132-cvtres.read.1.tlog
C:\Users\LucasLaptop\documents\visual studio 2012\Projects\FingerGeometryOOP\FingerGeometryOOP\Debug\link.7132-cvtres.write.1.tlog
C:\Users\LucasLaptop\documents\visual studio 2012\Projects\FingerGeometryOOP\FingerGeometryOOP\Debug\link.7132-rc.read.1.tlog
C:\Users\LucasLaptop\documents\visual studio 2012\Projects\FingerGeometryOOP\FingerGeometryOOP\Debug\link.7132-rc.write.1.tlog
C:\Users\LucasLaptop\documents\visual studio 2012\Projects\FingerGeometryOOP\FingerGeometryOOP\Debug\link.7132.read.1.tlog
C:\Users\LucasLaptop\documents\visual studio 2012\Projects\FingerGeometryOOP\FingerGeometryOOP\Debug\link.7132.write.1.tlog
C:\Users\LucasLaptop\documents\visual studio 2012\Projects\FingerGeometryOOP\FingerGeometryOOP\Debug\link.7232-cvtres.read.1.tlog
C:\Users\LucasLaptop\documents\visual studio 2012\Projects\FingerGeometryOOP\FingerGeometryOOP\Debug\link.7232-cvtres.write.1.tlog
C:\Users\LucasLaptop\documents\visual studio 2012\Projects\FingerGeometryOOP\FingerGeometryOOP\Debug\link.7232-rc.read.1.tlog
C:\Users\LucasLaptop\documents\visual studio 2012\Projects\FingerGeometryOOP\FingerGeometryOOP\Debug\link.7232-rc.write.1.tlog
C:\Users\LucasLaptop\documents\visual studio 2012\Projects\FingerGeometryOOP\FingerGeometryOOP\Debug\link.7232.read.1.tlog
C:\Users\LucasLaptop\documents\visual studio 2012\Projects\FingerGeometryOOP\FingerGeometryOOP\Debug\link.7232.write.1.tlog
C:\Users\LucasLaptop\documents\visual studio 2012\Projects\FingerGeometryOOP\FingerGeometryOOP\Debug\link.7240-cvtres.read.1.tlog
C:\Users\LucasLaptop\documents\visual studio 2012\Projects\FingerGeometryOOP\FingerGeometryOOP\Debug\link.7240-cvtres.write.1.tlog
C:\Users\LucasLaptop\documents\visual studio 2012\Projects\FingerGeometryOOP\FingerGeometryOOP\Debug\link.7240-rc.read.1.tlog
C:\Users\LucasLaptop\documents\visual studio 2012\Projects\FingerGeometryOOP\FingerGeometryOOP\Debug\link.7240-rc.write.1.tlog
C:\Users\LucasLaptop\documents\visual studio 2012\Projects\FingerGeometryOOP\FingerGeometryOOP\Debug\link.7240.read.1.tlog
C:\Users\LucasLaptop\documents\visual studio 2012\Projects\FingerGeometryOOP\FingerGeometryOOP\Debug\link.7240.write.1.tlog
C:\Users\LucasLaptop\documents\visual studio 2012\Projects\FingerGeometryOOP\FingerGeometryOOP\Debug\link.7248-cvtres.read.1.tlog
C:\Users\LucasLaptop\documents\visual studio 2012\Projects\FingerGeometryOOP\FingerGeometryOOP\Debug\link.7248-cvtres.write.1.tlog
C:\Users\LucasLaptop\documents\visual studio 2012\Projects\FingerGeometryOOP\FingerGeometryOOP\Debug\link.7248-rc.read.1.tlog
C:\Users\LucasLaptop\documents\visual studio 2012\Projects\FingerGeometryOOP\FingerGeometryOOP\Debug\link.7248-rc.write.1.tlog
C:\Users\LucasLaptop\documents\visual studio 2012\Projects\FingerGeometryOOP\FingerGeometryOOP\Debug\link.7248.read.1.tlog
C:\Users\LucasLaptop\documents\visual studio 2012\Projects\FingerGeometryOOP\FingerGeometryOOP\Debug\link.7248.write.1.tlog
C:\Users\LucasLaptop\documents\visual studio 2012\Projects\FingerGeometryOOP\FingerGeometryOOP\Debug\link.7252-cvtres.read.1.tlog
C:\Users\LucasLaptop\documents\visual studio 2012\Projects\FingerGeometryOOP\FingerGeometryOOP\Debug\link.7252-cvtres.write.1.tlog
C:\Users\LucasLaptop\documents\visual studio 2012\Projects\FingerGeometryOOP\FingerGeometryOOP\Debug\link.7252-rc.read.1.tlog
C:\Users\LucasLaptop\documents\visual studio 2012\Projects\FingerGeometryOOP\FingerGeometryOOP\Debug\link.7252-rc.write.1.tlog
C:\Users\LucasLaptop\documents\visual studio 2012\Projects\FingerGeometryOOP\FingerGeometryOOP\Debug\link.7252.read.1.tlog
C:\Users\LucasLaptop\documents\visual studio 2012\Projects\FingerGeometryOOP\FingerGeometryOOP\Debug\link.7252.write.1.tlog
C:\Users\LucasLaptop\documents\visual studio 2012\Projects\FingerGeometryOOP\FingerGeometryOOP\Debug\link.7352-cvtres.read.1.tlog
C:\Users\LucasLaptop\documents\visual studio 2012\Projects\FingerGeometryOOP\FingerGeometryOOP\Debug\link.7352-cvtres.write.1.tlog
C:\Users\LucasLaptop\documents\visual studio 2012\Projects\FingerGeometryOOP\FingerGeometryOOP\Debug\link.7352-rc.read.1.tlog
C:\Users\LucasLaptop\documents\visual studio 2012\Projects\FingerGeometryOOP\FingerGeometryOOP\Debug\link.7352-rc.write.1.tlog
C:\Users\LucasLaptop\documents\visual studio 2012\Projects\FingerGeometryOOP\FingerGeometryOOP\Debug\link.7352.read.1.tlog
C:\Users\LucasLaptop\documents\visual studio 2012\Projects\FingerGeometryOOP\FingerGeometryOOP\Debug\link.7352.write.1.tlog
C:\Users\LucasLaptop\documents\visual studio 2012\Projects\FingerGeometryOOP\FingerGeometryOOP\Debug\link.7364-cvtres.read.1.tlog
C:\Users\LucasLaptop\documents\visual studio 2012\Projects\FingerGeometryOOP\FingerGeometryOOP\Debug\link.7364-cvtres.write.1.tlog
C:\Users\LucasLaptop\documents\visual studio 2012\Projects\FingerGeometryOOP\FingerGeometryOOP\Debug\link.7364-rc.read.1.tlog
C:\Users\LucasLaptop\documents\visual studio 2012\Projects\FingerGeometryOOP\FingerGeometryOOP\Debug\link.7364-rc.write.1.tlog
C:\Users\LucasLaptop\documents\visual studio 2012\Projects\FingerGeometryOOP\FingerGeometryOOP\Debug\link.7364.read.1.tlog
C:\Users\LucasLaptop\documents\visual studio 2012\Projects\FingerGeometryOOP\FingerGeometryOOP\Debug\link.7364.write.1.tlog
C:\Users\LucasLaptop\documents\visual studio 2012\Projects\FingerGeometryOOP\FingerGeometryOOP\Debug\link.7608-cvtres.read.1.tlog
C:\Users\LucasLaptop\documents\visual studio 2012\Projects\FingerGeometryOOP\FingerGeometryOOP\Debug\link.7608-cvtres.write.1.tlog
C:\Users\LucasLaptop\documents\visual studio 2012\Projects\FingerGeometryOOP\FingerGeometryOOP\Debug\link.7608-rc.read.1.tlog
C:\Users\LucasLaptop\documents\visual studio 2012\Projects\FingerGeometryOOP\FingerGeometryOOP\Debug\link.7608-rc.write.1.tlog
C:\Users\LucasLaptop\documents\visual studio 2012\Projects\FingerGeometryOOP\FingerGeometryOOP\Debug\link.7608.read.1.tlog
C:\Users\LucasLaptop\documents\visual studio 2012\Projects\FingerGeometryOOP\FingerGeometryOOP\Debug\link.7608.write.1.tlog
C:\Users\LucasLaptop\documents\visual studio 2012\Projects\FingerGeometryOOP\FingerGeometryOOP\Debug\link.7648-cvtres.read.1.tlog
C:\Users\LucasLaptop\documents\visual studio 2012\Projects\FingerGeometryOOP\FingerGeometryOOP\Debug\link.7648-cvtres.write.1.tlog
C:\Users\LucasLaptop\documents\visual studio 2012\Projects\FingerGeometryOOP\FingerGeometryOOP\Debug\link.7648-rc.read.1.tlog
C:\Users\LucasLaptop\documents\visual studio 2012\Projects\FingerGeometryOOP\FingerGeometryOOP\Debug\link.7648-rc.write.1.tlog
C:\Users\LucasLaptop\documents\visual studio 2012\Projects\FingerGeometryOOP\FingerGeometryOOP\Debug\link.7648.read.1.tlog
C:\Users\LucasLaptop\documents\visual studio 2012\Projects\FingerGeometryOOP\FingerGeometryOOP\Debug\link.7648.write.1.tlog
C:\Users\LucasLaptop\documents\visual studio 2012\Projects\FingerGeometryOOP\FingerGeometryOOP\Debug\link.7792-cvtres.read.1.tlog
C:\Users\LucasLaptop\documents\visual studio 2012\Projects\FingerGeometryOOP\FingerGeometryOOP\Debug\link.7792-cvtres.write.1.tlog
C:\Users\LucasLaptop\documents\visual studio 2012\Projects\FingerGeometryOOP\FingerGeometryOOP\Debug\link.7792-rc.read.1.tlog
C:\Users\LucasLaptop\documents\visual studio 2012\Projects\FingerGeometryOOP\FingerGeometryOOP\Debug\link.7792-rc.write.1.tlog
C:\Users\LucasLaptop\documents\visual studio 2012\Projects\FingerGeometryOOP\FingerGeometryOOP\Debug\link.7792.read.1.tlog
C:\Users\LucasLaptop\documents\visual studio 2012\Projects\FingerGeometryOOP\FingerGeometryOOP\Debug\link.7792.write.1.tlog
C:\Users\LucasLaptop\documents\visual studio 2012\Projects\FingerGeometryOOP\FingerGeometryOOP\Debug\link.8724-cvtres.read.1.tlog
C:\Users\LucasLaptop\documents\visual studio 2012\Projects\FingerGeometryOOP\FingerGeometryOOP\Debug\link.8724-cvtres.write.1.tlog
C:\Users\LucasLaptop\documents\visual studio 2012\Projects\FingerGeometryOOP\FingerGeometryOOP\Debug\link.8724-rc.read.1.tlog
C:\Users\LucasLaptop\documents\visual studio 2012\Projects\FingerGeometryOOP\FingerGeometryOOP\Debug\link.8724-rc.write.1.tlog
C:\Users\LucasLaptop\documents\visual studio 2012\Projects\FingerGeometryOOP\FingerGeometryOOP\Debug\link.8724.read.1.tlog
C:\Users\LucasLaptop\documents\visual studio 2012\Projects\FingerGeometryOOP\FingerGeometryOOP\Debug\link.8724.write.1.tlog
C:\Users\LucasLaptop\documents\visual studio 2012\Projects\FingerGeometryOOP\FingerGeometryOOP\Debug\link.8948-cvtres.read.1.tlog
C:\Users\LucasLaptop\documents\visual studio 2012\Projects\FingerGeometryOOP\FingerGeometryOOP\Debug\link.8948-cvtres.write.1.tlog
C:\Users\LucasLaptop\documents\visual studio 2012\Projects\FingerGeometryOOP\FingerGeometryOOP\Debug\link.8948-rc.read.1.tlog
C:\Users\LucasLaptop\documents\visual studio 2012\Projects\FingerGeometryOOP\FingerGeometryOOP\Debug\link.8948-rc.write.1.tlog
C:\Users\LucasLaptop\documents\visual studio 2012\Projects\FingerGeometryOOP\FingerGeometryOOP\Debug\link.8948.read.1.tlog
C:\Users\LucasLaptop\documents\visual studio 2012\Projects\FingerGeometryOOP\FingerGeometryOOP\Debug\link.8948.write.1.tlog
C:\Users\LucasLaptop\documents\visual studio 2012\Projects\FingerGeometryOOP\FingerGeometryOOP\Debug\link.9112-cvtres.read.1.tlog
C:\Users\LucasLaptop\documents\visual studio 2012\Projects\FingerGeometryOOP\FingerGeometryOOP\Debug\link.9112-cvtres.write.1.tlog
C:\Users\LucasLaptop\documents\visual studio 2012\Projects\FingerGeometryOOP\FingerGeometryOOP\Debug\link.9112-rc.read.1.tlog
C:\Users\LucasLaptop\documents\visual studio 2012\Projects\FingerGeometryOOP\FingerGeometryOOP\Debug\link.9112-rc.write.1.tlog
C:\Users\LucasLaptop\documents\visual studio 2012\Projects\FingerGeometryOOP\FingerGeometryOOP\Debug\link.9112.read.1.tlog
C:\Users\LucasLaptop\documents\visual studio 2012\Projects\FingerGeometryOOP\FingerGeometryOOP\Debug\link.9112.write.1.tlog
C:\Users\LucasLaptop\documents\visual studio 2012\Projects\FingerGeometryOOP\FingerGeometryOOP\Debug\link.command.1.tlog
C:\Users\LucasLaptop\documents\visual studio 2012\Projects\FingerGeometryOOP\FingerGeometryOOP\Debug\link.read.1.tlog
C:\Users\LucasLaptop\documents\visual studio 2012\Projects\FingerGeometryOOP\FingerGeometryOOP\Debug\link.write.1.tlog
C:\Users\LucasLaptop\documents\visual studio 2012\Projects\FingerGeometryOOP\FingerGeometryOOP\Debug\FingerGeometryOOP.pch
C:\Users\LucasLaptop\documents\visual studio 2012\Projects\FingerGeometryOOP\FingerGeometryOOP\Debug\vc110.idb
C:\Users\LucasLaptop\documents\visual studio 2012\Projects\FingerGeometryOOP\FingerGeometryOOP\Debug\vc110.pdb
C:\Users\LucasLaptop\documents\visual studio 2012\Projects\FingerGeometryOOP\Debug\FingerGeometryOOP.pdb
C:\Users\LucasLaptop\documents\visual studio 2012\Projects\FingerGeometryOOP\Debug\FingerGeometryOOP.exe
C:\Users\LucasLaptop\documents\visual studio 2012\Projects\FingerGeometryOOP\Debug\FingerGeometryOOP.ilk
